#
# An unexpected error has been detected by Java Runtime Environment:
#
#  Internal Error (os_windows_x86.cpp:117), pid=27736, tid=131756
#  Error: guarantee(result == -1,"Unexpected result from topLevelExceptionFilter")
#
# Java VM: Java HotSpot(TM) 64-Bit Server VM (11.2-b01 mixed mode windows-amd64)
# If you would like to submit a bug report, please visit:
#   http://java.sun.com/webapps/bugreport/crash.jsp
# The crash happened outside the Java Virtual Machine in native code.
# See problematic frame for where to report the bug.
#

---------------  T H R E A D  ---------------

Current thread (0x000000000170f000):  JavaThread "main" [_thread_in_native, id=131756, stack(0x0000000000030000,0x0000000001030000)]

Stack: [0x0000000000030000,0x0000000001030000]
[error occurred during error reporting (printing stack bounds), id 0xc0000005]


[error occurred during error reporting (printing native stack), id 0xc0000005]

Java frames: (J=compiled Java code, j=interpreted, Vv=VM code)
j  com.mathworks.jmi.NativeMatlab.ProcessPendingEvents()Z+0
j  com.mathworks.jmi.NativeMatlab.processPendingEvents()Z+8
j  com.mathworks.jmi.Matlab$ProcessPendingEvents.callBooleanMethod(Ljava/lang/Object;)Z+0
j  com.mathworks.util.FactoryUtils.processPendingEvents()Z+12
j  com.mathworks.mwswing.desk.Desktop.canClose()Z+38
j  com.mathworks.mde.desk.MLDesktop.canClose()Z+113
j  com.mathworks.mde.desk.MLDesktop$2.call()Ljava/lang/Boolean;+4
j  com.mathworks.mde.desk.MLDesktop$2.call()Ljava/lang/Object;+1
j  com.mathworks.jmi.Matlab.isOkToExit()Z+54
v  ~StubRoutines::call_stub
j  com.mathworks.jmi.NativeMatlab.SendMatlabMessage(Ljava/lang/Object;)Ljava/lang/Object;+0
j  com.mathworks.jmi.NativeMatlab.sendMatlabMessage(Ljava/lang/Object;)Ljava/lang/Object;+22
j  com.mathworks.jmi.MatlabLooper.sendMatlabMessage(Lcom/mathworks/services/message/MWMessage;)Ljava/lang/Object;+20
j  com.mathworks.jmi.Matlab.mtFevalConsoleOutput(Ljava/lang/String;[Ljava/lang/Object;I)Ljava/lang/Object;+58
j  com.mathworks.mde.desk.MLDesktop$9.run()V+14
j  com.mathworks.jmi.NativeMatlab.dispatchMTRequests(Z)V+50
v  ~StubRoutines::call_stub

---------------  P R O C E S S  ---------------

Java Threads: ( => current thread )
  0x000000003291b800 JavaThread "Image Fetcher 0" daemon [_thread_blocked, id=81152, stack(0x0000000008810000,0x0000000008890000)]
  0x0000000032916800 JavaThread "Active Reference Queue Daemon" daemon [_thread_blocked, id=35484, stack(0x00000000339c0000,0x0000000033a40000)]
  0x0000000032914c00 JavaThread "Timer-2" daemon [_thread_blocked, id=51228, stack(0x00000000337c0000,0x0000000033840000)]
  0x0000000032916400 JavaThread "FelixPackageAdmin" daemon [_thread_blocked, id=68920, stack(0x0000000033940000,0x00000000339c0000)]
  0x0000000032915c00 JavaThread "FelixStartLevel" daemon [_thread_blocked, id=138960, stack(0x00000000338c0000,0x0000000033940000)]
  0x0000000032915400 JavaThread "FelixDispatchQueue" daemon [_thread_blocked, id=67844, stack(0x0000000033840000,0x00000000338c0000)]
  0x0000000032854c00 JavaThread "Timer-1" daemon [_thread_blocked, id=49208, stack(0x0000000033740000,0x00000000337c0000)]
  0x00000000313c6000 JavaThread "TimerQueue" daemon [_thread_blocked, id=73020, stack(0x0000000032650000,0x00000000326d0000)]
  0x000000002d2d9800 JavaThread "AWT-EventQueue-0" [_thread_in_native, id=130064, stack(0x00000000325c0000,0x0000000032640000)]
  0x0000000031574000 JavaThread "AWT-Shutdown" [_thread_blocked, id=120216, stack(0x000000002d030000,0x000000002d0b0000)]
  0x0000000031c0c000 JavaThread "AWT-Windows" daemon [_thread_in_native, id=30568, stack(0x0000000031f00000,0x0000000031f80000)]
  0x0000000031bedc00 JavaThread "Java2D Disposer" daemon [_thread_blocked, id=107428, stack(0x000000000d120000,0x000000000d1a0000)]
  0x00000000314a1400 JavaThread "Timer-0" [_thread_blocked, id=92020, stack(0x000000000d0a0000,0x000000000d120000)]
  0x0000000031581000 JavaThread "JMI Unnamed Thread" [_thread_in_native, id=137288, stack(0x0000000005cf0000,0x0000000006cf0000)]
  0x000000002d294c00 JavaThread "Low Memory Detector" daemon [_thread_blocked, id=58868, stack(0x0000000007f40000,0x0000000007fc0000)]
  0x000000002d28e800 JavaThread "CompilerThread1" daemon [_thread_blocked, id=87520, stack(0x000000002f300000,0x0000000030300000)]
  0x000000002d28a800 JavaThread "CompilerThread0" daemon [_thread_in_native, id=10944, stack(0x000000002e300000,0x000000002f300000)]
  0x000000002d289800 JavaThread "Attach Listener" daemon [_thread_blocked, id=111844, stack(0x0000000007ec0000,0x0000000007f40000)]
  0x000000002d269000 JavaThread "Finalizer" daemon [_thread_blocked, id=111988, stack(0x0000000006d70000,0x0000000006df0000)]
  0x000000002d264800 JavaThread "Reference Handler" daemon [_thread_blocked, id=99912, stack(0x0000000006cf0000,0x0000000006d70000)]
=>0x000000000170f000 JavaThread "main" [_thread_in_native, id=131756, stack(0x0000000000030000,0x0000000001030000)]

Other Threads:
  0x00000000016ef400 VMThread [stack: 0x000000002d300000,0x000000002e300000] [id=81700]
  0x000000002d2c1400 WatcherThread [stack: 0x0000000030300000,0x0000000031300000] [id=64904]

VM state:not at safepoint (normal execution)

VM Mutex/Monitor currently owned by a thread: None

Heap
 PSYoungGen      total 17600K, used 10466K [0x0000000021e70000, 0x00000000238b0000, 0x0000000024f70000)
  eden space 9600K, 44% used [0x0000000021e70000,0x000000002229fe30,0x00000000227d0000)
  from space 8000K, 77% used [0x0000000022fd0000,0x00000000235d89e8,0x00000000237a0000)
  to   space 8192K, 0% used [0x00000000227d0000,0x00000000227d0000,0x0000000022fd0000)
 PSOldGen        total 68672K, used 55100K [0x0000000018b70000, 0x000000001ce80000, 0x0000000021e70000)
  object space 68672K, 80% used [0x0000000018b70000,0x000000001c13f1d0,0x000000001ce80000)
 PSPermGen       total 70848K, used 50523K [0x0000000010b70000, 0x00000000150a0000, 0x0000000018b70000)
  object space 70848K, 71% used [0x0000000010b70000,0x0000000013cc6f08,0x00000000150a0000)

Dynamic libraries:
0x0000000140000000 - 0x000000014002a000 	C:\Program Files\MATLAB\R2010a\bin\win64\MATLAB.exe
0x0000000076e80000 - 0x000000007702c000 	C:\Windows\SYSTEM32\ntdll.dll
0x0000000076c60000 - 0x0000000076d7f000 	C:\Windows\system32\kernel32.dll
0x000007fefd100000 - 0x000007fefd16b000 	C:\Windows\system32\KERNELBASE.dll
0x000000007ce80000 - 0x000000007cf96000 	C:\Program Files\MATLAB\R2010a\bin\win64\libut.dll
0x000007fefdef0000 - 0x000007fefdf07000 	C:\Windows\system32\imagehlp.dll
0x000007fefd6a0000 - 0x000007fefd73f000 	C:\Windows\system32\msvcrt.dll
0x0000000077050000 - 0x0000000077057000 	C:\Windows\system32\PSAPI.DLL
0x000000007d660000 - 0x000000007d688000 	C:\Program Files\MATLAB\R2010a\bin\win64\LIBEXPAT.dll
0x0000000074360000 - 0x0000000074429000 	C:\Windows\WinSxS\amd64_microsoft.vc80.crt_1fc8b3b9a1e18e3b_8.0.50727.4927_none_88dce9872fb18caf\MSVCR80.dll
0x000000007d380000 - 0x000000007d4ac000 	C:\Program Files\MATLAB\R2010a\bin\win64\icuuc40.dll
0x000007fefd9b0000 - 0x000007fefda8b000 	C:\Windows\system32\ADVAPI32.dll
0x000007fefd3f0000 - 0x000007fefd40f000 	C:\Windows\SYSTEM32\sechost.dll
0x000007fefe150000 - 0x000007fefe27e000 	C:\Windows\system32\RPCRT4.dll
0x000000007c8b0000 - 0x000000007c8b3000 	C:\Program Files\MATLAB\R2010a\bin\win64\icudt40.dll
0x000000007c8c0000 - 0x000000007c8d0000 	C:\Program Files\MATLAB\R2010a\bin\win64\icuio40.dll
0x000000007cb00000 - 0x000000007cc53000 	C:\Program Files\MATLAB\R2010a\bin\win64\icuin40.dll
0x0000000074250000 - 0x0000000074359000 	C:\Windows\WinSxS\amd64_microsoft.vc80.crt_1fc8b3b9a1e18e3b_8.0.50727.4927_none_88dce9872fb18caf\MSVCP80.dll
0x0000000076d80000 - 0x0000000076e7a000 	C:\Windows\system32\USER32.dll
0x000007fefd920000 - 0x000007fefd987000 	C:\Windows\system32\GDI32.dll
0x000007fefd990000 - 0x000007fefd99e000 	C:\Windows\system32\LPK.dll
0x000007fefd230000 - 0x000007fefd2fa000 	C:\Windows\system32\USP10.dll
0x0000000078930000 - 0x0000000078a4e000 	C:\Program Files\MATLAB\R2010a\bin\win64\libmwfl.dll
0x00000000788c0000 - 0x00000000788fe000 	C:\Program Files\MATLAB\R2010a\bin\win64\tbb.dll
0x000000007e960000 - 0x000000007e96f000 	C:\Program Files\MATLAB\R2010a\bin\win64\boost_date_time-vc80-mt-1_36.dll
0x000000007ebf0000 - 0x000000007ec0d000 	C:\Program Files\MATLAB\R2010a\bin\win64\boost_filesystem-vc80-mt-1_36.dll
0x000000007dbd0000 - 0x000000007dbd9000 	C:\Program Files\MATLAB\R2010a\bin\win64\boost_system-vc80-mt-1_36.dll
0x000000007e940000 - 0x000000007e956000 	C:\Program Files\MATLAB\R2010a\bin\win64\boost_signals-vc80-mt-1_36.dll
0x000000007c890000 - 0x000000007c8a1000 	C:\Program Files\MATLAB\R2010a\bin\win64\boost_thread-vc80-mt-1_36.dll
0x000000007d010000 - 0x000000007d298000 	C:\Program Files\MATLAB\R2010a\bin\win64\libmwservices.dll
0x000000007cfa0000 - 0x000000007d00d000 	C:\Program Files\MATLAB\R2010a\bin\win64\libmx.dll
0x00000000792b0000 - 0x00000000792c7000 	C:\Program Files\MATLAB\R2010a\bin\win64\zlib1.dll
0x000000007d2a0000 - 0x000000007d37c000 	C:\Program Files\MATLAB\R2010a\bin\win64\libmwmathutil.dll
0x000000007a9b0000 - 0x000000007aa0e000 	C:\Program Files\MATLAB\R2010a\bin\win64\mpath.dll
0x000000007d690000 - 0x000000007d812000 	C:\Program Files\MATLAB\R2010a\bin\win64\mlutil.dll
0x000000007e860000 - 0x000000007e8ec000 	C:\Program Files\MATLAB\R2010a\bin\win64\xmlcore.dll
0x000000007a320000 - 0x000000007a5b5000 	C:\Program Files\MATLAB\R2010a\bin\win64\xerces-c_2_7.dll
0x000007fefd300000 - 0x000007fefd34d000 	C:\Windows\system32\WS2_32.dll
0x000007fefd9a0000 - 0x000007fefd9a8000 	C:\Windows\system32\NSI.dll
0x000007fefe280000 - 0x000007feff006000 	C:\Windows\system32\SHELL32.dll
0x000007fefdd90000 - 0x000007fefde01000 	C:\Windows\system32\SHLWAPI.dll
0x000007fef5e10000 - 0x000007fef5eb0000 	C:\Windows\WinSxS\amd64_microsoft.windows.common-controls_6595b64144ccf1df_5.82.7600.16661_none_a44e1fc257f685f6\COMCTL32.dll
0x000007fefda90000 - 0x000007fefdb28000 	C:\Windows\system32\comdlg32.dll
0x000007fefa2f0000 - 0x000007fefa306000 	C:\Windows\system32\NETAPI32.dll
0x000007fefc660000 - 0x000007fefc66c000 	C:\Windows\system32\netutils.dll
0x000007fefc880000 - 0x000007fefc8a3000 	C:\Windows\system32\srvcli.dll
0x000007fefa2d0000 - 0x000007fefa2e5000 	C:\Windows\system32\wkscli.dll
0x000000007ad90000 - 0x000000007ae2e000 	C:\Program Files\MATLAB\R2010a\bin\win64\mcr.dll
0x0000000001300000 - 0x0000000001325000 	C:\Program Files\MATLAB\R2010a\bin\win64\libmwi18n.dll
0x000000007c8d0000 - 0x000000007c983000 	C:\Program Files\MATLAB\R2010a\bin\win64\iqm.dll
0x000000007b500000 - 0x000000007bdb0000 	C:\Program Files\MATLAB\R2010a\bin\win64\m_interpreter.dll
0x000000007c9b0000 - 0x000000007c9c6000 	C:\Program Files\MATLAB\R2010a\bin\win64\libmex.dll
0x000000007abf0000 - 0x000000007aca4000 	C:\Program Files\MATLAB\R2010a\bin\win64\m_dispatcher.dll
0x000000007ead0000 - 0x000000007ebc1000 	C:\Program Files\MATLAB\R2010a\bin\win64\boost_regex-vc80-mt-1_36.dll
0x000000007aa90000 - 0x000000007ab27000 	C:\Program Files\MATLAB\R2010a\bin\win64\profiler.dll
0x000000007ca40000 - 0x000000007ca71000 	C:\Program Files\MATLAB\R2010a\bin\win64\libmwmathrng.dll
0x0000000079200000 - 0x000000007921a000 	C:\Program Files\MATLAB\R2010a\bin\win64\m_pcodeio.dll
0x000000007a960000 - 0x000000007a9ad000 	C:\Program Files\MATLAB\R2010a\bin\win64\m_ir.dll
0x000000007aef0000 - 0x000000007b4f1000 	C:\Program Files\MATLAB\R2010a\bin\win64\m_parser.dll
0x000000007c990000 - 0x000000007c9a4000 	C:\Program Files\MATLAB\R2010a\bin\win64\ir_xfmr.dll
0x0000000078a50000 - 0x0000000078d2f000 	C:\Program Files\MATLAB\R2010a\bin\win64\mcos.dll
0x000000007ca90000 - 0x000000007ca9c000 	C:\Program Files\MATLAB\R2010a\bin\win64\mtok.dll
0x00000000791d0000 - 0x00000000791f6000 	C:\Program Files\MATLAB\R2010a\bin\win64\m_pcodegen.dll
0x0000000001420000 - 0x0000000001472000 	C:\Program Files\MATLAB\R2010a\bin\win64\libmwspmatrix.dll
0x000007fef47b0000 - 0x000007fef48d5000 	C:\Windows\system32\dbghelp.dll
0x0000000001490000 - 0x00000000014bc000 	C:\Program Files\MATLAB\R2010a\bin\win64\libmwbridge.dll
0x000000007c4f0000 - 0x000000007c5b7000 	C:\Program Files\MATLAB\R2010a\bin\win64\udd.dll
0x000000007d4b0000 - 0x000000007d604000 	C:\Program Files\MATLAB\R2010a\bin\win64\libmwgui.dll
0x0000000079320000 - 0x0000000079acf000 	C:\Program Files\MATLAB\R2010a\bin\win64\hg.dll
0x0000000079100000 - 0x0000000079150000 	C:\Program Files\MATLAB\R2010a\bin\win64\libmat.dll
0x000000007cc60000 - 0x000000007ce7b000 	C:\Program Files\MATLAB\R2010a\bin\win64\libhdf5.dll
0x000000007a860000 - 0x000000007a8e3000 	C:\Program Files\MATLAB\R2010a\bin\win64\jmi.dll
0x000000007a790000 - 0x000000007a7d6000 	C:\Program Files\MATLAB\R2010a\bin\win64\libmwhardcopy.dll
0x000000007a8f0000 - 0x000000007a959000 	C:\Program Files\MATLAB\R2010a\bin\win64\libuij.dll
0x0000000078730000 - 0x00000000788b3000 	C:\Program Files\MATLAB\R2010a\bin\win64\hgdatatypes.dll
0x0000000078670000 - 0x0000000078721000 	C:\Program Files\MATLAB\R2010a\bin\win64\hgutils.dll
0x0000000079150000 - 0x00000000791cc000 	C:\Program Files\MATLAB\R2010a\bin\win64\libmwlapack.dll
0x000000007c9e0000 - 0x000000007c9f3000 	C:\Program Files\MATLAB\R2010a\bin\win64\libmwbinder.dll
0x000000007c5c0000 - 0x000000007c881000 	C:\Program Files\MATLAB\R2010a\bin\win64\uiw.dll
0x000000007caf0000 - 0x000000007cafa000 	C:\Program Files\MATLAB\R2010a\bin\win64\uinone.dll
0x000000006fad0000 - 0x000000006fc6c000 	C:\Windows\WinSxS\amd64_microsoft.vc80.mfc_1fc8b3b9a1e18e3b_8.0.50727.4053_none_8444db7d32915e4c\MFC80.DLL
0x000007fef52c0000 - 0x000007fef5330000 	C:\Windows\system32\WINSPOOL.DRV
0x000007fefdb80000 - 0x000007fefdd82000 	C:\Windows\system32\ole32.dll
0x000007fefde10000 - 0x000007fefdee7000 	C:\Windows\system32\OLEAUT32.dll
0x000000007ae30000 - 0x000000007aee6000 	C:\Program Files\MATLAB\R2010a\bin\win64\udd_mi.dll
0x0000000079220000 - 0x000000007923f000 	C:\Program Files\MATLAB\R2010a\bin\win64\mwoles05.DLL
0x000000007aa10000 - 0x000000007aa82000 	C:\Program Files\MATLAB\R2010a\bin\win64\comcli.dll
0x00000000717f0000 - 0x0000000071810000 	C:\Windows\WinSxS\amd64_microsoft.vc80.atl_1fc8b3b9a1e18e3b_8.0.50727.4053_none_8a1a02152edb659b\ATL80.DLL
0x000000007ca80000 - 0x000000007ca8e000 	C:\Program Files\MATLAB\R2010a\bin\win64\mlautoregister.dll
0x000007fefd410000 - 0x000007fefd43e000 	C:\Windows\system32\IMM32.DLL
0x000007fefe040000 - 0x000007fefe149000 	C:\Windows\system32\MSCTF.dll
0x0000000072550000 - 0x000000007255d000 	C:\Windows\WinSxS\amd64_microsoft.vc80.mfcloc_1fc8b3b9a1e18e3b_8.0.50727.4053_none_bc1d1e5b0be08790\MFC80ENU.DLL
0x000007fefcde0000 - 0x000007fefcdef000 	C:\Windows\system32\profapi.dll
0x0000000072060000 - 0x0000000072063000 	C:\Windows\system32\icmp.Dll
0x000007fefa5e0000 - 0x000007fefa607000 	C:\Windows\system32\iphlpapi.DLL
0x000007fefa5a0000 - 0x000007fefa5ab000 	C:\Windows\system32\WINNSI.DLL
0x000007fefcc40000 - 0x000007fefcc65000 	C:\Windows\system32\SspiCli.dll
0x000007fefba50000 - 0x000007fefba65000 	C:\Windows\system32\NLAapi.dll
0x000007fefc5f0000 - 0x000007fefc644000 	C:\Windows\System32\mswsock.dll
0x000007fefc470000 - 0x000007fefc4cb000 	C:\Windows\system32\DNSAPI.dll
0x000007fef9f70000 - 0x000007fef9f7b000 	C:\Windows\System32\winrnr.dll
0x000007fef9f20000 - 0x000007fef9f35000 	C:\Windows\system32\napinsp.dll
0x000007fefcd80000 - 0x000007fefcdbd000 	C:\Windows\system32\WINSTA.dll
0x000007fefa510000 - 0x000007fefa563000 	C:\Windows\System32\fwpuclnt.dll
0x000007fef9f80000 - 0x000007fef9f88000 	C:\Windows\system32\rasadhlp.dll
0x000007fefc000000 - 0x000007fefc007000 	C:\Windows\System32\wshtcpip.dll
0x000007fefa790000 - 0x000007fefa7a1000 	C:\Windows\system32\dhcpcsvc6.DLL
0x000007fefa4d0000 - 0x000007fefa4e8000 	C:\Windows\system32\dhcpcsvc.DLL
0x000007fefccd0000 - 0x000007fefccdf000 	C:\Windows\system32\CRYPTBASE.dll
0x000007fefd170000 - 0x000007fefd1a6000 	C:\Windows\system32\CFGMGR32.dll
0x000000006d7f0000 - 0x000000006dda8000 	C:\Program Files\MATLAB\R2010a\sys\java\jre\win64\jre\bin\server\jvm.dll
0x000007fef97c0000 - 0x000007fef97fb000 	C:\Windows\system32\WINMM.dll
0x000007fefd350000 - 0x000007fefd3e9000 	C:\Windows\system32\CLBCatQ.DLL
0x000000007aba0000 - 0x000000007abaa000 	C:\Program Files\MATLAB\R2010a\sys\java\jre\win64\jre\bin\hpi.dll
0x000000007abc0000 - 0x000000007abce000 	C:\Program Files\MATLAB\R2010a\sys\java\jre\win64\jre\bin\verify.dll
0x00000000792d0000 - 0x00000000792f7000 	C:\Program Files\MATLAB\R2010a\sys\java\jre\win64\jre\bin\java.dll
0x000000007abd0000 - 0x000000007abe2000 	C:\Program Files\MATLAB\R2010a\sys\java\jre\win64\jre\bin\zip.dll
0x0000000079240000 - 0x000000007926b000 	C:\Program Files\MATLAB\R2010a\bin\win64\nativejava.dll
0x000007fefaec0000 - 0x000007fefaed8000 	C:\Windows\system32\MPR.dll
0x0000000079270000 - 0x00000000792a7000 	C:\Program Files\MATLAB\R2010a\bin\win64\nativejmi.dll
0x000000007cae0000 - 0x000000007caed000 	C:\Program Files\MATLAB\R2010a\bin\win64\nativeservices.dll
0x000000007a5c0000 - 0x000000007a782000 	C:\Program Files\MATLAB\R2010a\sys\java\jre\win64\jre\bin\awt.dll
0x000007fefb5e0000 - 0x000007fefb5f8000 	C:\Windows\system32\DWMAPI.DLL
0x000000007acb0000 - 0x000000007ad1b000 	C:\Program Files\MATLAB\R2010a\sys\java\jre\win64\jre\bin\fontmanager.dll
0x0000000079300000 - 0x0000000079317000 	C:\Program Files\MATLAB\R2010a\sys\java\jre\win64\jre\bin\net.dll
0x000007fefc5e0000 - 0x000007fefc5e7000 	C:\Windows\System32\wship6.dll
0x000000007abb0000 - 0x000000007abbb000 	C:\Program Files\MATLAB\R2010a\sys\java\jre\win64\jre\bin\nio.dll
0x0000000078300000 - 0x0000000078310000 	C:\Program Files\MATLAB\R2010a\bin\win64\nativelmgr.dll

VM Arguments:
jvm_args: -Xss512k -XX:PermSize=32m -Xms64m -XX:NewRatio=3 -XX:MaxPermSize=128m -Xmx196m -XX:MaxDirectMemorySize=2147400000 -Dsun.java2d.noddraw=true -Dsun.awt.nopixfmt=true -Xshare:off -Xrs -Djava.library.path=C:\Program Files\MATLAB\R2010a\bin\win64 vfprintf abort 
java_command: <unknown>
Launcher Type: generic

Environment Variables:
PATH=C:\Program Files (x86)\MiKTeX 2.8\miktex\bin;C:\Windows\system32;C:\Windows;C:\Windows\System32\Wbem;C:\Windows\System32\WindowsPowerShell\v1.0\;c:\Program Files (x86)\Microsoft SQL Server\100\Tools\Binn\;c:\Program Files\Microsoft SQL Server\100\Tools\Binn\;c:\Program Files\Microsoft SQL Server\100\DTS\Binn\;C:\Program Files\MATLAB\R2010a\runtime\win64;C:\Program Files\MATLAB\R2010a\bin;C:\Program Files (x86)\IVI Foundation\IVI\bin;C:\Program Files\IVI Foundation\IVI\bin;C:\Program Files\IVI Foundation\VISA\Win64\Bin\;C:\Program Files (x86)\IVI Foundation\VISA\WinNT\Bin\;C:\PROGRA~2\IVIFOU~1\VISA\WinNT\Bin;C:\Program Files (x86)\IVI Foundation\VISA\WinNT\Bin
USERNAME=robertover
OS=Windows_NT
PROCESSOR_IDENTIFIER=AMD64 Family 15 Model 33 Stepping 2, AuthenticAMD



---------------  S Y S T E M  ---------------

OS: Windows NT 6.1 Build 7600 

CPU:total 8 (2 cores per cpu, 1 threads per core) family 15 model 33 stepping 2, cmov, cx8, fxsr, mmx, sse, sse2, sse3, mmxext, 3dnow, 3dnowext

Memory: 4k page, physical 33487908k(22637440k free), swap 69034172k(55961436k free)

vm_info: Java HotSpot(TM) 64-Bit Server VM (11.2-b01) for windows-amd64 JRE (1.6.0_12-b04), built on Jan 17 2009 01:49:05 by "java_re" with MS VC++ 8.0

time: Mon Jun 20 15:38:46 2011
elapsed time: 20093 seconds

